11:41:03.144 [main] DEBUG c.i.karate.cucumber.CucumberRunner - init test class: class examples.ExamplesTest
11:41:03.345 [main] DEBUG c.i.karate.cucumber.CucumberRunner - loading feature: /C:/Users/L0686468/git/Karate/target/test-classes/examples%5cusers%5cusers.feature
11:41:04.352 [main] INFO  com.intuit.karate.ScriptBridge - karate.env system property was: null 
11:41:06.148 [main] DEBUG com.intuit.karate.StepDefs - response time in milliseconds: 1558
11:41:06.422 [main] DEBUG com.intuit.karate.StepDefs - response time in milliseconds: 168
11:41:06.464 [main] INFO  com.intuit.karate.ScriptBridge - karate.env system property was: null 
11:41:07.265 [main] DEBUG com.intuit.karate.StepDefs - response time in milliseconds: 775
11:41:07.290 [main] INFO  com.intuit.karate.StepDefs - [print] created id is: 11
15:20:30.610 [main] DEBUG c.i.karate.cucumber.CucumberRunner - init test class: class examples.ExamplesTest
15:20:30.796 [main] DEBUG c.i.karate.cucumber.CucumberRunner - loading feature: /C:/Users/L0686468/git/Karate/target/test-classes/examples%5cusers%5cusers.feature
15:20:31.725 [main] INFO  com.intuit.karate.ScriptBridge - karate.env system property was: null 
15:20:32.518 [main] DEBUG com.intuit.karate.StepDefs - response time in milliseconds: 403
15:20:32.528 [main] ERROR com.intuit.karate.StepDefs - FAILED, status code was 500, expected 200
15:21:01.716 [main] DEBUG c.i.karate.cucumber.CucumberRunner - init test class: class examples.ExamplesTest
15:21:01.905 [main] DEBUG c.i.karate.cucumber.CucumberRunner - loading feature: /C:/Users/L0686468/git/Karate/target/test-classes/examples%5cusers%5cusers.feature
15:21:02.758 [main] INFO  com.intuit.karate.ScriptBridge - karate.env system property was: null 
15:21:03.415 [main] DEBUG com.intuit.karate.StepDefs - response time in milliseconds: 353
15:21:03.425 [main] ERROR com.intuit.karate.StepDefs - FAILED, status code was 500, expected 200
15:22:59.431 [main] DEBUG c.i.karate.cucumber.CucumberRunner - init test class: class examples.ExamplesTest
15:22:59.622 [main] DEBUG c.i.karate.cucumber.CucumberRunner - loading feature: /C:/Users/L0686468/git/Karate/target/test-classes/examples%5cusers%5cusers.feature
15:23:00.503 [main] INFO  com.intuit.karate.ScriptBridge - karate.env system property was: null 
15:23:15.941 [main] DEBUG c.i.karate.cucumber.CucumberRunner - init test class: class examples.ExamplesTest
15:23:16.116 [main] DEBUG c.i.karate.cucumber.CucumberRunner - loading feature: /C:/Users/L0686468/git/Karate/target/test-classes/examples%5cusers%5cusers.feature
15:23:16.965 [main] INFO  com.intuit.karate.ScriptBridge - karate.env system property was: null 
15:23:17.665 [main] DEBUG com.intuit.karate.StepDefs - response time in milliseconds: 353
15:23:17.677 [main] ERROR com.intuit.karate.StepDefs - FAILED, status code was 500, expected 200
15:25:26.944 [main] DEBUG c.i.karate.cucumber.CucumberRunner - init test class: class examples.ExamplesTest
15:25:27.124 [main] DEBUG c.i.karate.cucumber.CucumberRunner - loading feature: /C:/Users/L0686468/git/Karate/target/test-classes/examples%5cusers%5cusers.feature
15:25:27.988 [main] INFO  com.intuit.karate.ScriptBridge - karate.env system property was: null 
15:25:28.268 [main] INFO  com.intuit.karate.StepDefs - [print] {soapenv:Envelope=
}
15:25:28.680 [main] DEBUG com.intuit.karate.StepDefs - response time in milliseconds: 344
15:25:28.690 [main] ERROR com.intuit.karate.StepDefs - FAILED, status code was 500, expected 200
15:26:20.823 [main] DEBUG c.i.karate.cucumber.CucumberRunner - init test class: class examples.ExamplesTest
15:26:20.999 [main] DEBUG c.i.karate.cucumber.CucumberRunner - loading feature: /C:/Users/L0686468/git/Karate/target/test-classes/examples%5cusers%5cusers.feature
15:26:21.829 [main] INFO  com.intuit.karate.ScriptBridge - karate.env system property was: null 
15:26:22.184 [main] INFO  com.intuit.karate.StepDefs - [print] mi request: {soapenv:Envelope=
}
15:26:22.560 [main] DEBUG com.intuit.karate.StepDefs - response time in milliseconds: 326
15:26:22.575 [main] ERROR com.intuit.karate.StepDefs - FAILED, status code was 500, expected 200
15:29:36.672 [main] DEBUG c.i.karate.cucumber.CucumberRunner - init test class: class examples.ExamplesTest
15:29:36.875 [main] DEBUG c.i.karate.cucumber.CucumberRunner - loading feature: /C:/Users/L0686468/git/Karate/target/test-classes/examples%5cusers%5cusers.feature
15:29:37.717 [main] INFO  com.intuit.karate.ScriptBridge - karate.env system property was: null 
15:31:44.359 [main] DEBUG c.i.karate.cucumber.CucumberRunner - init test class: class examples.ExamplesTest
15:31:44.550 [main] DEBUG c.i.karate.cucumber.CucumberRunner - loading feature: /C:/Users/L0686468/git/Karate/target/test-classes/examples%5cusers%5cusers.feature
15:31:45.386 [main] INFO  com.intuit.karate.ScriptBridge - karate.env system property was: null 
15:32:01.977 [main] DEBUG c.i.karate.cucumber.CucumberRunner - init test class: class examples.ExamplesTest
15:32:02.154 [main] DEBUG c.i.karate.cucumber.CucumberRunner - loading feature: /C:/Users/L0686468/git/Karate/target/test-classes/examples%5cusers%5cusers.feature
15:32:02.998 [main] INFO  com.intuit.karate.ScriptBridge - karate.env system property was: null 
15:40:06.768 [main] DEBUG c.i.karate.cucumber.CucumberRunner - init test class: class examples.ExamplesTest
15:48:16.656 [main] DEBUG c.i.karate.cucumber.CucumberRunner - init test class: class examples.ExamplesTest
15:48:16.860 [main] DEBUG c.i.karate.cucumber.CucumberRunner - loading feature: /C:/Users/L0686468/git/Karate/target/test-classes/examples%5cusers%5cusers.feature
15:48:17.789 [main] INFO  com.intuit.karate.ScriptBridge - karate.env system property was: null 
15:48:38.646 [main] DEBUG c.i.karate.cucumber.CucumberRunner - init test class: class examples.ExamplesTest
15:48:38.831 [main] DEBUG c.i.karate.cucumber.CucumberRunner - loading feature: /C:/Users/L0686468/git/Karate/target/test-classes/examples%5cusers%5cusers.feature
15:48:39.683 [main] INFO  com.intuit.karate.ScriptBridge - karate.env system property was: null 
15:48:40.375 [main] DEBUG com.intuit.karate.StepDefs - response time in milliseconds: 295
15:48:40.432 [main] WARN  com.intuit.karate.StepDefs - xml parsing failed, response data type set to string: org.xml.sax.SAXParseException; lineNumber: 1; columnNumber: 180; El tipo de elemento "body" debe finalizar por la etiqueta final coincidente "</body>".
15:49:38.431 [main] DEBUG c.i.karate.cucumber.CucumberRunner - init test class: class examples.ExamplesTest
15:49:38.640 [main] DEBUG c.i.karate.cucumber.CucumberRunner - loading feature: /C:/Users/L0686468/git/Karate/target/test-classes/examples%5cusers%5cusers.feature
15:49:39.579 [main] INFO  com.intuit.karate.ScriptBridge - karate.env system property was: null 
15:49:40.289 [main] DEBUG com.intuit.karate.StepDefs - response time in milliseconds: 301
15:49:40.298 [main] WARN  com.intuit.karate.StepDefs - xml parsing failed, response data type set to string: org.xml.sax.SAXParseException; lineNumber: 1; columnNumber: 180; El tipo de elemento "body" debe finalizar por la etiqueta final coincidente "</body>".
15:49:40.312 [main] INFO  com.intuit.karate.StepDefs - [print] <html><body><p>There are currently 1 running SoapUI MockServices</p><ul><li><a href="/mockNumberConversionSoapBinding?WSDL">NumberConversionSoapBinding MockService</a></li></ul></p></body></html>
15:50:29.460 [main] DEBUG c.i.karate.cucumber.CucumberRunner - init test class: class examples.ExamplesTest
15:50:29.648 [main] DEBUG c.i.karate.cucumber.CucumberRunner - loading feature: /C:/Users/L0686468/git/Karate/target/test-classes/examples%5cusers%5cusers.feature
15:50:30.514 [main] INFO  com.intuit.karate.ScriptBridge - karate.env system property was: null 
15:50:31.205 [main] DEBUG com.intuit.karate.StepDefs - response time in milliseconds: 335
15:50:31.215 [main] WARN  com.intuit.karate.StepDefs - xml parsing failed, response data type set to string: org.xml.sax.SAXParseException; lineNumber: 1; columnNumber: 180; El tipo de elemento "body" debe finalizar por la etiqueta final coincidente "</body>".
15:50:31.227 [main] INFO  com.intuit.karate.StepDefs - [print] <html><body><p>There are currently 1 running SoapUI MockServices</p><ul><li><a href="/mockNumberConversionSoapBinding?WSDL">NumberConversionSoapBinding MockService</a></li></ul></p></body></html>
15:52:20.387 [main] DEBUG c.i.karate.cucumber.CucumberRunner - init test class: class examples.ExamplesTest
15:52:20.578 [main] DEBUG c.i.karate.cucumber.CucumberRunner - loading feature: /C:/Users/L0686468/git/Karate/target/test-classes/examples%5cusers%5cusers.feature
15:52:21.428 [main] INFO  com.intuit.karate.ScriptBridge - karate.env system property was: null 
15:52:22.238 [main] DEBUG com.intuit.karate.StepDefs - response time in milliseconds: 338
15:52:22.248 [main] WARN  com.intuit.karate.StepDefs - xml parsing failed, response data type set to string: org.xml.sax.SAXParseException; lineNumber: 1; columnNumber: 80; El tipo de elemento "body" debe finalizar por la etiqueta final coincidente "</body>".
15:52:22.265 [main] INFO  com.intuit.karate.StepDefs - [print] <html><body><p>There are currently 0 running SoapUI MockServices</p><ul></ul></p></body></html>
15:54:17.267 [main] DEBUG c.i.karate.cucumber.CucumberRunner - init test class: class examples.ExamplesTest
15:54:17.457 [main] DEBUG c.i.karate.cucumber.CucumberRunner - loading feature: /C:/Users/L0686468/git/Karate/target/test-classes/examples%5cusers%5cusers.feature
15:54:18.276 [main] INFO  com.intuit.karate.ScriptBridge - karate.env system property was: null 
15:54:18.987 [main] DEBUG com.intuit.karate.StepDefs - response time in milliseconds: 322
15:54:18.997 [main] WARN  com.intuit.karate.StepDefs - xml parsing failed, response data type set to string: org.xml.sax.SAXParseException; lineNumber: 1; columnNumber: 180; El tipo de elemento "body" debe finalizar por la etiqueta final coincidente "</body>".
15:54:19.009 [main] INFO  com.intuit.karate.StepDefs - [print] <html><body><p>There are currently 1 running SoapUI MockServices</p><ul><li><a href="/mockNumberConversionSoapBinding?WSDL">NumberConversionSoapBinding MockService</a></li></ul></p></body></html>
15:55:15.021 [main] DEBUG c.i.karate.cucumber.CucumberRunner - init test class: class examples.ExamplesTest
15:55:15.203 [main] DEBUG c.i.karate.cucumber.CucumberRunner - loading feature: /C:/Users/L0686468/git/Karate/target/test-classes/examples%5cusers%5cusers.feature
15:55:16.076 [main] INFO  com.intuit.karate.ScriptBridge - karate.env system property was: null 
15:55:16.756 [main] DEBUG com.intuit.karate.StepDefs - response time in milliseconds: 291
15:55:16.767 [main] WARN  com.intuit.karate.StepDefs - xml parsing failed, response data type set to string: org.xml.sax.SAXParseException; lineNumber: 1; columnNumber: 180; El tipo de elemento "body" debe finalizar por la etiqueta final coincidente "</body>".
15:55:16.779 [main] INFO  com.intuit.karate.StepDefs - [print] <html><body><p>There are currently 1 running SoapUI MockServices</p><ul><li><a href="/mockNumberConversionSoapBinding?WSDL">NumberConversionSoapBinding MockService</a></li></ul></p></body></html>
11:57:14.098 [main] DEBUG c.i.karate.cucumber.CucumberRunner - init test class: class examples.ExamplesTest
11:57:14.347 [main] DEBUG c.i.karate.cucumber.CucumberRunner - loading feature: /C:/Users/L0686468/git/Karate/target/test-classes/examples%5cusers%5cusers.feature
11:57:18.891 [main] DEBUG c.i.karate.cucumber.CucumberRunner - init test class: class examples.ExamplesTest
11:57:19.111 [main] DEBUG c.i.karate.cucumber.CucumberRunner - loading feature: /C:/Users/L0686468/git/Karate/target/test-classes/examples%5cusers%5cusers.feature
11:57:20.018 [main] INFO  com.intuit.karate.ScriptBridge - karate.env system property was: null 
11:57:20.770 [main] DEBUG com.intuit.karate.StepDefs - response time in milliseconds: 383
11:57:21.334 [main] WARN  com.intuit.karate.StepDefs - xml parsing failed, response data type set to string: org.xml.sax.SAXParseException; lineNumber: 1; columnNumber: 80; El tipo de elemento "body" debe finalizar por la etiqueta final coincidente "</body>".
11:57:21.348 [main] INFO  com.intuit.karate.StepDefs - [print] <html><body><p>There are currently 0 running SoapUI MockServices</p><ul></ul></p></body></html>
11:57:46.685 [main] DEBUG c.i.karate.cucumber.CucumberRunner - init test class: class examples.ExamplesTest
11:57:46.896 [main] DEBUG c.i.karate.cucumber.CucumberRunner - loading feature: /C:/Users/L0686468/git/Karate/target/test-classes/examples%5cusers%5cusers.feature
11:57:47.842 [main] INFO  com.intuit.karate.ScriptBridge - karate.env system property was: null 
11:57:48.629 [main] DEBUG com.intuit.karate.StepDefs - response time in milliseconds: 363
11:57:48.644 [main] WARN  com.intuit.karate.StepDefs - xml parsing failed, response data type set to string: org.xml.sax.SAXParseException; lineNumber: 1; columnNumber: 180; El tipo de elemento "body" debe finalizar por la etiqueta final coincidente "</body>".
11:57:48.681 [main] INFO  com.intuit.karate.StepDefs - [print] <html><body><p>There are currently 1 running SoapUI MockServices</p><ul><li><a href="/mockNumberConversionSoapBinding?WSDL">NumberConversionSoapBinding MockService</a></li></ul></p></body></html>
11:59:20.135 [main] DEBUG c.i.karate.cucumber.CucumberRunner - init test class: class examples.ExamplesTest
11:59:20.334 [main] DEBUG c.i.karate.cucumber.CucumberRunner - loading feature: /C:/Users/L0686468/git/Karate/target/test-classes/examples%5cusers%5cusers.feature
11:59:21.314 [main] INFO  com.intuit.karate.ScriptBridge - karate.env system property was: null 
11:59:22.124 [main] DEBUG com.intuit.karate.StepDefs - response time in milliseconds: 399
11:59:22.136 [main] WARN  com.intuit.karate.StepDefs - xml parsing failed, response data type set to string: org.xml.sax.SAXParseException; lineNumber: 1; columnNumber: 180; El tipo de elemento "body" debe finalizar por la etiqueta final coincidente "</body>".
11:59:22.154 [main] INFO  com.intuit.karate.StepDefs - [print] <html><body><p>There are currently 1 running SoapUI MockServices</p><ul><li><a href="/mockNumberConversionSoapBinding?WSDL">NumberConversionSoapBinding MockService</a></li></ul></p></body></html>
12:05:58.440 [main] DEBUG c.i.karate.cucumber.CucumberRunner - init test class: class examples.ExamplesTest
12:05:58.652 [main] DEBUG c.i.karate.cucumber.CucumberRunner - loading feature: /C:/Users/L0686468/git/Karate/target/test-classes/examples%5cusers%5cusers.feature
12:05:59.634 [main] INFO  com.intuit.karate.ScriptBridge - karate.env system property was: null 
12:06:00.320 [main] DEBUG com.intuit.karate.StepDefs - response time in milliseconds: 302
12:06:00.332 [main] WARN  com.intuit.karate.StepDefs - xml parsing failed, response data type set to string: org.xml.sax.SAXParseException; lineNumber: 1; columnNumber: 180; El tipo de elemento "body" debe finalizar por la etiqueta final coincidente "</body>".
12:06:00.346 [main] ERROR com.intuit.karate.StepDefs - FAILED, path: /envelope/Body/NumberToDollarsResult, actual: <html><body><p>There are currently 1 running SoapUI MockServices</p><ul><li><a href="/mockNumberConversionSoapBinding?WSDL">NumberConversionSoapBinding MockService</a></li></ul></p></body></html>, expected: Es mayor a 10, reason: not equal
12:06:33.546 [main] DEBUG c.i.karate.cucumber.CucumberRunner - init test class: class examples.ExamplesTest
12:06:33.744 [main] DEBUG c.i.karate.cucumber.CucumberRunner - loading feature: /C:/Users/L0686468/git/Karate/target/test-classes/examples%5cusers%5cusers.feature
12:06:34.637 [main] INFO  com.intuit.karate.ScriptBridge - karate.env system property was: null 
12:06:35.335 [main] DEBUG com.intuit.karate.StepDefs - response time in milliseconds: 292
12:06:35.346 [main] WARN  com.intuit.karate.StepDefs - xml parsing failed, response data type set to string: org.xml.sax.SAXParseException; lineNumber: 1; columnNumber: 180; El tipo de elemento "body" debe finalizar por la etiqueta final coincidente "</body>".
12:06:35.364 [main] ERROR com.intuit.karate.StepDefs - FAILED, path: /envelope/Body/NumberToDollarsResult, actual: <html><body><p>There are currently 1 running SoapUI MockServices</p><ul><li><a href="/mockNumberConversionSoapBinding?WSDL">NumberConversionSoapBinding MockService</a></li></ul></p></body></html>, expected: Es mayor a 10, reason: not equal
12:07:44.164 [main] DEBUG c.i.karate.cucumber.CucumberRunner - init test class: class examples.ExamplesTest
12:07:44.374 [main] DEBUG c.i.karate.cucumber.CucumberRunner - loading feature: /C:/Users/L0686468/git/Karate/target/test-classes/examples%5cusers%5cusers.feature
12:07:45.256 [main] INFO  com.intuit.karate.ScriptBridge - karate.env system property was: null 
12:07:46.139 [main] DEBUG com.intuit.karate.StepDefs - response time in milliseconds: 412
12:07:46.172 [main] WARN  com.intuit.karate.StepDefs - xml parsing failed, response data type set to string: org.xml.sax.SAXParseException; lineNumber: 1; columnNumber: 180; El tipo de elemento "body" debe finalizar por la etiqueta final coincidente "</body>".
12:07:46.207 [main] ERROR com.intuit.karate.StepDefs - FAILED, path: /Envelope/Body/NumberToDollarsResult, actual: <html><body><p>There are currently 1 running SoapUI MockServices</p><ul><li><a href="/mockNumberConversionSoapBinding?WSDL">NumberConversionSoapBinding MockService</a></li></ul></p></body></html>, expected: Es mayor a 10, reason: not equal
12:14:27.610 [main] DEBUG c.i.karate.cucumber.CucumberRunner - init test class: class examples.ExamplesTest
12:14:27.797 [main] DEBUG c.i.karate.cucumber.CucumberRunner - loading feature: /C:/Users/L0686468/git/Karate/target/test-classes/examples%5cusers%5cusers.feature
12:14:28.691 [main] INFO  com.intuit.karate.ScriptBridge - karate.env system property was: null 
12:14:29.526 [main] DEBUG com.intuit.karate.StepDefs - response time in milliseconds: 362
12:14:29.546 [main] WARN  com.intuit.karate.StepDefs - xml parsing failed, response data type set to string: org.xml.sax.SAXParseException; lineNumber: 1; columnNumber: 180; El tipo de elemento "body" debe finalizar por la etiqueta final coincidente "</body>".
12:14:29.565 [main] INFO  com.intuit.karate.StepDefs - [print] <html><body><p>There are currently 1 running SoapUI MockServices</p><ul><li><a href="/mockNumberConversionSoapBinding?WSDL">NumberConversionSoapBinding MockService</a></li></ul></p></body></html>
12:14:55.872 [main] DEBUG c.i.karate.cucumber.CucumberRunner - init test class: class examples.ExamplesTest
12:14:56.111 [main] DEBUG c.i.karate.cucumber.CucumberRunner - loading feature: /C:/Users/L0686468/git/Karate/target/test-classes/examples%5cusers%5cusers.feature
12:14:57.100 [main] INFO  com.intuit.karate.ScriptBridge - karate.env system property was: null 
12:14:57.804 [main] DEBUG com.intuit.karate.StepDefs - response time in milliseconds: 290
12:14:57.816 [main] WARN  com.intuit.karate.StepDefs - xml parsing failed, response data type set to string: org.xml.sax.SAXParseException; lineNumber: 1; columnNumber: 180; El tipo de elemento "body" debe finalizar por la etiqueta final coincidente "</body>".
12:14:57.831 [main] INFO  com.intuit.karate.StepDefs - [print] LA PUTA MADRE<html><body><p>There are currently 1 running SoapUI MockServices</p><ul><li><a href="/mockNumberConversionSoapBinding?WSDL">NumberConversionSoapBinding MockService</a></li></ul></p></body></html>
12:19:30.581 [main] DEBUG c.i.karate.cucumber.CucumberRunner - init test class: class examples.ExamplesTest
12:19:30.825 [main] DEBUG c.i.karate.cucumber.CucumberRunner - loading feature: /C:/Users/L0686468/git/Karate/target/test-classes/examples%5cusers%5cusers.feature
12:19:31.824 [main] INFO  com.intuit.karate.ScriptBridge - karate.env system property was: null 
12:19:32.530 [main] DEBUG com.intuit.karate.StepDefs - response time in milliseconds: 317
12:19:32.550 [main] INFO  com.intuit.karate.StepDefs - [print] LA PUTA MADRE{soapenv:Envelope=
   }
12:19:32.591 [main] INFO  com.intuit.karate.StepDefs - [print] 
12:19:32.601 [main] ERROR com.intuit.karate.StepDefs - FAILED, path: /Envelope/Body/NumberToDollarsResult, actual: null, expected: Es mayor a 10, reason: not equal
12:19:44.732 [main] DEBUG c.i.karate.cucumber.CucumberRunner - init test class: class examples.ExamplesTest
12:19:44.946 [main] DEBUG c.i.karate.cucumber.CucumberRunner - loading feature: /C:/Users/L0686468/git/Karate/target/test-classes/examples%5cusers%5cusers.feature
12:19:45.844 [main] INFO  com.intuit.karate.ScriptBridge - karate.env system property was: null 
12:19:46.546 [main] DEBUG com.intuit.karate.StepDefs - response time in milliseconds: 317
12:19:46.583 [main] INFO  com.intuit.karate.StepDefs - [print] LA PUTA MADRE{soapenv:Envelope=
   }
12:19:46.602 [main] INFO  com.intuit.karate.StepDefs - [print] 
12:19:46.616 [main] ERROR com.intuit.karate.StepDefs - FAILED, path: /Envelope/Body/NumberToDollarsResult, actual: null, expected: Es mayor a 10, reason: not equal
12:23:21.794 [main] DEBUG c.i.karate.cucumber.CucumberRunner - init test class: class examples.ExamplesTest
12:23:22.089 [main] DEBUG c.i.karate.cucumber.CucumberRunner - loading feature: /C:/Users/L0686468/git/Karate/target/test-classes/examples%5cusers%5cusers.feature
12:23:23.498 [main] INFO  com.intuit.karate.ScriptBridge - karate.env system property was: null 
12:23:24.939 [main] DEBUG com.intuit.karate.StepDefs - response time in milliseconds: 635
12:23:24.960 [main] INFO  com.intuit.karate.StepDefs - [print] {soapenv:Envelope=
   }
12:23:24.982 [main] INFO  com.intuit.karate.StepDefs - [print] 
12:23:24.997 [main] ERROR com.intuit.karate.StepDefs - FAILED, path: /Envelope/Body/NumberToDollarsResult, actual: null, expected: Es mayor a 10, reason: not equal
12:24:42.691 [main] DEBUG c.i.karate.cucumber.CucumberRunner - init test class: class examples.ExamplesTest
12:24:42.895 [main] DEBUG c.i.karate.cucumber.CucumberRunner - loading feature: /C:/Users/L0686468/git/Karate/target/test-classes/examples%5cusers%5cusers.feature
12:24:43.857 [main] INFO  com.intuit.karate.ScriptBridge - karate.env system property was: null 
12:24:44.603 [main] DEBUG com.intuit.karate.StepDefs - response time in milliseconds: 327
12:25:11.385 [main] DEBUG c.i.karate.cucumber.CucumberRunner - init test class: class examples.ExamplesTest
12:25:11.594 [main] DEBUG c.i.karate.cucumber.CucumberRunner - loading feature: /C:/Users/L0686468/git/Karate/target/test-classes/examples%5cusers%5cusers.feature
12:25:12.646 [main] INFO  com.intuit.karate.ScriptBridge - karate.env system property was: null 
12:25:13.456 [main] DEBUG com.intuit.karate.StepDefs - response time in milliseconds: 363
12:25:13.489 [main] INFO  com.intuit.karate.StepDefs - [print] {soapenv:Envelope=
   }
12:25:13.520 [main] ERROR com.intuit.karate.StepDefs - FAILED, path: /Envelope/Body/NumberToDollarsResult, actual: null, expected: Es mayor a 10, reason: not equal
12:30:14.069 [main] DEBUG c.i.karate.cucumber.CucumberRunner - init test class: class examples.ExamplesTest
12:30:14.305 [main] DEBUG c.i.karate.cucumber.CucumberRunner - loading feature: /C:/Users/L0686468/git/Karate/target/test-classes/examples%5cusers%5cusers.feature
12:30:15.311 [main] INFO  com.intuit.karate.ScriptBridge - karate.env system property was: null 
12:30:16.173 [main] DEBUG com.intuit.karate.StepDefs - response time in milliseconds: 392
12:30:16.196 [main] INFO  com.intuit.karate.StepDefs - [print] {soapenv:Envelope=
   }
12:30:33.570 [main] DEBUG c.i.karate.cucumber.CucumberRunner - init test class: class examples.ExamplesTest
12:30:33.808 [main] DEBUG c.i.karate.cucumber.CucumberRunner - loading feature: /C:/Users/L0686468/git/Karate/target/test-classes/examples%5cusers%5cusers.feature
12:30:34.815 [main] INFO  com.intuit.karate.ScriptBridge - karate.env system property was: null 
12:30:35.531 [main] DEBUG com.intuit.karate.StepDefs - response time in milliseconds: 310
12:30:35.553 [main] INFO  com.intuit.karate.StepDefs - [print] {soapenv:Envelope=
   }
12:30:35.578 [main] ERROR com.intuit.karate.StepDefs - FAILED, path: /Envelope/Body/NumberToDollarsResponse/NumberToDollarsResult, actual: Es mayor a 10, expected: Es mayor a 11, reason: not equal
12:31:03.707 [main] DEBUG c.i.karate.cucumber.CucumberRunner - init test class: class examples.ExamplesTest
12:31:03.925 [main] DEBUG c.i.karate.cucumber.CucumberRunner - loading feature: /C:/Users/L0686468/git/Karate/target/test-classes/examples%5cusers%5cusers.feature
12:31:04.869 [main] INFO  com.intuit.karate.ScriptBridge - karate.env system property was: null 
12:31:05.658 [main] DEBUG com.intuit.karate.StepDefs - response time in milliseconds: 315
12:31:05.677 [main] INFO  com.intuit.karate.StepDefs - [print] {soapenv:Envelope=
   }
12:31:20.376 [main] DEBUG c.i.karate.cucumber.CucumberRunner - init test class: class examples.ExamplesTest
12:31:20.568 [main] DEBUG c.i.karate.cucumber.CucumberRunner - loading feature: /C:/Users/L0686468/git/Karate/target/test-classes/examples%5cusers%5cusers.feature
12:31:21.562 [main] INFO  com.intuit.karate.ScriptBridge - karate.env system property was: null 
12:31:22.336 [main] DEBUG com.intuit.karate.StepDefs - response time in milliseconds: 290
12:31:22.347 [main] WARN  com.intuit.karate.StepDefs - xml parsing failed, response data type set to string: org.xml.sax.SAXParseException; lineNumber: 1; columnNumber: 80; El tipo de elemento "body" debe finalizar por la etiqueta final coincidente "</body>".
12:31:22.360 [main] INFO  com.intuit.karate.StepDefs - [print] <html><body><p>There are currently 0 running SoapUI MockServices</p><ul></ul></p></body></html>
12:31:22.369 [main] ERROR com.intuit.karate.StepDefs - FAILED, path: /Envelope/Body/NumberToDollarsResponse/NumberToDollarsResult, actual: <html><body><p>There are currently 0 running SoapUI MockServices</p><ul></ul></p></body></html>, expected: Es mayor a 10, reason: not equal
12:32:18.183 [main] DEBUG c.i.karate.cucumber.CucumberRunner - init test class: class examples.ExamplesTest
12:32:18.412 [main] DEBUG c.i.karate.cucumber.CucumberRunner - loading feature: /C:/Users/L0686468/git/Karate/target/test-classes/examples%5cusers%5cusers.feature
12:32:19.374 [main] INFO  com.intuit.karate.ScriptBridge - karate.env system property was: null 
12:32:20.238 [main] DEBUG com.intuit.karate.StepDefs - response time in milliseconds: 367
12:32:20.258 [main] INFO  com.intuit.karate.StepDefs - [print] {soapenv:Envelope=
   }
12:40:31.725 [main] DEBUG c.i.karate.cucumber.CucumberRunner - init test class: class examples.ExamplesTest
12:40:31.924 [main] DEBUG c.i.karate.cucumber.CucumberRunner - loading feature: /C:/Users/L0686468/git/Karate/target/test-classes/examples%5cusers%5cusers.feature
12:40:32.880 [main] INFO  com.intuit.karate.ScriptBridge - karate.env system property was: null 
12:42:25.830 [main] DEBUG c.i.karate.cucumber.CucumberRunner - init test class: class examples.ExamplesTest
12:42:26.084 [main] DEBUG c.i.karate.cucumber.CucumberRunner - loading feature: /C:/Users/L0686468/git/Karate/target/test-classes/examples%5cusers%5cusers.feature
12:42:27.000 [main] INFO  com.intuit.karate.ScriptBridge - karate.env system property was: null 
12:42:28.408 [main] DEBUG com.intuit.karate.StepDefs - response time in milliseconds: 1020
12:42:28.436 [main] INFO  com.intuit.karate.StepDefs - [print] {soapenv:Envelope=
   }
